<?xml version="1.0" encoding="UTF-8"?>
<!-- Generated by org.testng.reporters.JUnitReportReporter -->
<testsuite hostname="LAPTOP-T7ATRT31" failures="0" tests="2" name="test.ParallelExecution" time="1.469" errors="0" timestamp="2024-08-27T09:32:13 IST" skipped="0">
  <testcase classname="test.ParallelExecution" name="loadsite" time="0.274"/>
  <system-out/>
  <testcase classname="test.ParallelExecution" name="loadsite" time="1.195"/>
  <system-out/>
</testsuite> <!-- test.ParallelExecution -->
