<?xml version="1.0" encoding="UTF-8"?>
<!-- Generated by org.testng.reporters.JUnitReportReporter -->
<testsuite hostname="LAPTOP-T7ATRT31" failures="0" tests="1" name="test.Title_Content_Test" time="0.809" errors="0" timestamp="2024-08-21T13:07:56 IST" skipped="0">
  <testcase classname="test.Title_Content_Test" name="test" time="0.809"/>
  <system-out/>
</testsuite> <!-- test.Title_Content_Test -->
