<?xml version="1.0" encoding="UTF-8"?>
<!-- Generated by org.testng.reporters.JUnitReportReporter -->
<testsuite hostname="LAPTOP-T7ATRT31" failures="0" tests="1" name="test.SignupTest" time="1.964" errors="0" timestamp="2024-08-20T14:58:24 IST" skipped="0">
  <testcase classname="test.SignupTest" name="test" time="1.964"/>
  <system-out/>
</testsuite> <!-- test.SignupTest -->
