<?xml version="1.0" encoding="UTF-8"?>
<!-- Generated by org.testng.reporters.JUnitReportReporter -->
<testsuite hostname="LAPTOP-T7ATRT31" failures="0" tests="1" name="test.Links_Verification_Test" time="65.159" errors="0" timestamp="2024-08-22T18:45:05 IST" skipped="0">
  <testcase classname="test.Links_Verification_Test" name="test" time="65.159"/>
  <system-out/>
</testsuite> <!-- test.Links_Verification_Test -->
