<?xml version="1.0" encoding="UTF-8"?>
<!-- Generated by org.testng.reporters.JUnitReportReporter -->
<testsuite hostname="LAPTOP-T7ATRT31" failures="0" tests="1" name="test.Mouseover_Test" time="20.142" errors="0" timestamp="2024-08-22T20:09:38 IST" skipped="0">
  <testcase classname="test.Mouseover_Test" name="test" time="20.142"/>
  <system-out/>
</testsuite> <!-- test.Mouseover_Test -->
