<?xml version="1.0" encoding="UTF-8"?>
<!-- Generated by org.testng.reporters.JUnitReportReporter -->
<testsuite hostname="LAPTOP-T7ATRT31" failures="0" tests="1" name="test.FileUpload_Test" time="6.790" errors="0" timestamp="2024-08-26T13:08:26 IST" skipped="0">
  <testcase classname="test.FileUpload_Test" name="test" time="6.790"/>
  <system-out/>
</testsuite> <!-- test.FileUpload_Test -->
