<?xml version="1.0" encoding="UTF-8"?>
<!-- Generated by org.testng.reporters.JUnitReportReporter -->
<testsuite hostname="LAPTOP-T7ATRT31" failures="0" tests="1" name="test.Logo_Scroll_Screenshot_Test" time="1.630" errors="0" timestamp="2024-08-21T15:54:54 IST" skipped="0">
  <testcase classname="test.Logo_Scroll_Screenshot_Test" name="test" time="1.630"/>
  <system-out/>
</testsuite> <!-- test.Logo_Scroll_Screenshot_Test -->
